<?xml version="1.0" encoding="UTF-8"?>
<robot generator="Robot 6.1.1 (Python 3.12.1 on win32)" generated="20240102 11:10:24.140" rpa="false" schemaversion="4">
<suite id="s1" name="Log" source="C:\xampp\htdocs\login\log.robot">
<test id="s1-t1" name="Login and Navigate to Driving Jobs" line="13">
<kw name="Open Browser" library="SeleniumLibrary">
<arg>${WebsiteURL}</arg>
<arg>${Browser}</arg>
<doc>Opens a new browser instance to the optional ``url``.</doc>
<msg timestamp="20240102 11:10:24.456" level="INFO">Opening browser 'chrome' to base url 'https://dev.smartcar.in.th/login'.</msg>
<status status="PASS" starttime="20240102 11:10:24.455" endtime="20240102 11:10:27.483"/>
</kw>
<kw name="Maximize Browser Window" library="SeleniumLibrary">
<doc>Maximizes current browser window.</doc>
<status status="PASS" starttime="20240102 11:10:27.484" endtime="20240102 11:10:27.617"/>
</kw>
<kw name="Set Selenium Speed" library="SeleniumLibrary">
<arg>0.5s</arg>
<doc>Sets the delay that is waited after each Selenium command.</doc>
<status status="PASS" starttime="20240102 11:10:27.618" endtime="20240102 11:10:27.618"/>
</kw>
<kw name="Input Text" library="SeleniumLibrary">
<arg>id=username</arg>
<arg>${Username}</arg>
<doc>Types the given ``text`` into the text field identified by ``locator``.</doc>
<msg timestamp="20240102 11:10:27.619" level="INFO">Typing text 'test01' into text field 'id=username'.</msg>
<status status="PASS" starttime="20240102 11:10:27.619" endtime="20240102 11:10:29.253"/>
</kw>
<kw name="Input Text" library="SeleniumLibrary">
<arg>id=password</arg>
<arg>${Password}</arg>
<doc>Types the given ``text`` into the text field identified by ``locator``.</doc>
<msg timestamp="20240102 11:10:29.253" level="INFO">Typing text '12345678!' into text field 'id=password'.</msg>
<status status="PASS" starttime="20240102 11:10:29.253" endtime="20240102 11:10:30.861"/>
</kw>
<kw name="Click Button" library="SeleniumLibrary">
<arg>xpath=//button[@type='submit']</arg>
<doc>Clicks the button identified by ``locator``.</doc>
<msg timestamp="20240102 11:10:30.861" level="INFO">Clicking button 'xpath=//button[@type='submit']'.</msg>
<status status="PASS" starttime="20240102 11:10:30.861" endtime="20240102 11:10:34.511"/>
</kw>
<kw name="Wait Until Page Contains" library="SeleniumLibrary">
<arg>Welcome Page</arg>
<arg>timeout=20s</arg>
<doc>Waits until ``text`` appears on the current page.</doc>
<msg timestamp="20240102 11:10:55.815" level="INFO" html="true">&lt;/td&gt;&lt;/tr&gt;&lt;tr&gt;&lt;td colspan="3"&gt;&lt;a href="selenium-screenshot-17.png"&gt;&lt;img src="selenium-screenshot-17.png" width="800px"&gt;&lt;/a&gt;</msg>
<msg timestamp="20240102 11:10:55.815" level="FAIL">Text 'Welcome Page' did not appear in 20 seconds.</msg>
<status status="FAIL" starttime="20240102 11:10:34.511" endtime="20240102 11:10:55.817"/>
</kw>
<kw name="Get Title" library="SeleniumLibrary">
<var>${title}</var>
<doc>Returns the title of the current page.</doc>
<status status="NOT RUN" starttime="20240102 11:10:55.818" endtime="20240102 11:10:55.818"/>
</kw>
<kw name="Log" library="BuiltIn">
<arg>Current Page Title: ${title}</arg>
<doc>Logs the given message with the given level.</doc>
<status status="NOT RUN" starttime="20240102 11:10:55.818" endtime="20240102 11:10:55.818"/>
</kw>
<kw name="Capture Page Screenshot">
<arg>login_success.png</arg>
<status status="NOT RUN" starttime="20240102 11:10:55.818" endtime="20240102 11:10:55.818"/>
</kw>
<kw name="Page Should Contain" library="SeleniumLibrary">
<arg>Welcome Page</arg>
<doc>Verifies that current page contains ``text``.</doc>
<status status="NOT RUN" starttime="20240102 11:10:55.819" endtime="20240102 11:10:55.819"/>
</kw>
<kw name="Get Title" library="SeleniumLibrary">
<var>${title_after_login}</var>
<doc>Returns the title of the current page.</doc>
<status status="NOT RUN" starttime="20240102 11:10:55.819" endtime="20240102 11:10:55.819"/>
</kw>
<kw name="Log" library="BuiltIn">
<arg>Page Title After Login: ${title_after_login}</arg>
<doc>Logs the given message with the given level.</doc>
<status status="NOT RUN" starttime="20240102 11:10:55.819" endtime="20240102 11:10:55.819"/>
</kw>
<kw name="Click Element" library="SeleniumLibrary">
<arg>xpath=//a[@href='${TargetURL}']</arg>
<doc>Click the element identified by ``locator``.</doc>
<status status="NOT RUN" starttime="20240102 11:10:55.820" endtime="20240102 11:10:55.820"/>
</kw>
<kw name="Capture Page Screenshot">
<arg>after_navigation.png</arg>
<status status="NOT RUN" starttime="20240102 11:10:55.820" endtime="20240102 11:10:55.820"/>
</kw>
<kw name="Close Browser" library="SeleniumLibrary">
<doc>Closes the current browser.</doc>
<status status="NOT RUN" starttime="20240102 11:10:55.820" endtime="20240102 11:10:55.820"/>
</kw>
<status status="FAIL" starttime="20240102 11:10:24.454" endtime="20240102 11:10:55.821">Text 'Welcome Page' did not appear in 20 seconds.</status>
</test>
<status status="FAIL" starttime="20240102 11:10:24.142" endtime="20240102 11:10:55.823"/>
</suite>
<statistics>
<total>
<stat pass="0" fail="1" skip="0">All Tests</stat>
</total>
<tag>
</tag>
<suite>
<stat pass="0" fail="1" skip="0" id="s1" name="Log">Log</stat>
</suite>
</statistics>
<errors>
</errors>
</robot>
